LoginRegister2/app/build/intermediates/manifest_merge_blame_file/debug/manifest-merger-blame-debug-report.txt
1<?xml version="1.0" encoding="utf-8"?>
2<manifest xmlns:android="http://schemas.android.com/apk/res/android"
3    package="com.example.loginregister"
4    android:versionCode="1"
5    android:versionName="1.0" >
6
7    <uses-sdk
8        android:minSdkVersion="26"
8-->src\main\AndroidManifest.xml
9        android:targetSdkVersion="30" />
9-->src\main\AndroidManifest.xml
10
11    <uses-permission android:name="android.permission.INTERNET" />
11-->src\main\AndroidManifest.xml:5:5-67
11-->src\main\AndroidManifest.xml:5:22-64
12
13    <meta-data
13-->[com.android.support:appcompat-v7:26.1.0] AndroidManifest.xml:26:9-28:38
14        android:name="android.support.VERSION"
14-->[com.android.support:appcompat-v7:26.1.0] AndroidManifest.xml:27:13-51
15        android:value="26.0.0-alpha1" />
15-->[com.android.support:appcompat-v7:26.1.0] AndroidManifest.xml:28:13-35
16
17    <application
17-->src\main\AndroidManifest.xml:7:5-36:19
18        android:allowBackup="true"
18-->src\main\AndroidManifest.xml:8:9-35
19        android:appComponentFactory="androidx.core.app.CoreComponentFactory"
19-->[androidx.core:core:1.5.0-rc01] AndroidManifest.xml:24:18-86
20        android:debuggable="true"
21        android:extractNativeLibs="false"
22        android:icon="@mipmap/ic_launcher"
22-->src\main\AndroidManifest.xml:9:9-43
23        android:label="@string/app_name"
23-->src\main\AndroidManifest.xml:10:9-41
24        android:roundIcon="@mipmap/ic_launcher_round"
24-->src\main\AndroidManifest.xml:11:9-54
25        android:supportsRtl="true"
25-->src\main\AndroidManifest.xml:12:9-35
26        android:testOnly="true"
27        android:theme="@style/Theme.LoginRegister"
27-->src\main\AndroidManifest.xml:13:9-51
28        android:usesCleartextTraffic="true" >
28-->src\main\AndroidManifest.xml:14:9-44
29        <activity android:name="com.example.loginregister.Add_announcement" />
29-->src\main\AndroidManifest.xml:15:9-63
29-->src\main\AndroidManifest.xml:15:19-51
30        <activity android:name="com.example.loginregister.AA" />
30-->src\main\AndroidManifest.xml:16:9-40
30-->src\main\AndroidManifest.xml:16:19-37
31        <activity
31-->src\main\AndroidManifest.xml:17:9-25:20
32            android:name="com.example.loginregister.Login"
32-->src\main\AndroidManifest.xml:18:13-34
33            android:theme="@style/Theme.Design.Light.NoActionBar" >
33-->src\main\AndroidManifest.xml:19:13-66
34            <intent-filter>
34-->src\main\AndroidManifest.xml:20:13-24:29
35                <action android:name="android.intent.action.MAIN" />
35-->src\main\AndroidManifest.xml:21:17-69
35-->src\main\AndroidManifest.xml:21:25-66
36
37                <category android:name="android.intent.category.LAUNCHER" />
37-->src\main\AndroidManifest.xml:23:17-77
37-->src\main\AndroidManifest.xml:23:27-74
38            </intent-filter>
39        </activity>
40        <activity
40-->src\main\AndroidManifest.xml:26:9-28:69
41            android:name="com.example.loginregister.SignUp"
41-->src\main\AndroidManifest.xml:27:13-35
42            android:theme="@style/Theme.Design.Light.NoActionBar" />
42-->src\main\AndroidManifest.xml:28:13-66
43        <activity android:name="com.example.loginregister.MainActivity" >
43-->src\main\AndroidManifest.xml:29:9-35:20
43-->src\main\AndroidManifest.xml:29:19-47
44            <intent-filter>
44-->src\main\AndroidManifest.xml:20:13-24:29
45                <action android:name="android.intent.action.MAIN" />
45-->src\main\AndroidManifest.xml:21:17-69
45-->src\main\AndroidManifest.xml:21:25-66
46
47                <category android:name="android.intent.category.LAUNCHER" />
47-->src\main\AndroidManifest.xml:23:17-77
47-->src\main\AndroidManifest.xml:23:27-74
48            </intent-filter>
49        </activity>
50
51        <meta-data
51-->[com.android.support:appcompat-v7:26.1.0] AndroidManifest.xml:26:9-28:38
52            android:name="android.support.VERSION"
52-->[com.android.support:appcompat-v7:26.1.0] AndroidManifest.xml:27:13-51
53            android:value="26.1.0" />
53-->[com.android.support:appcompat-v7:26.1.0] AndroidManifest.xml:28:13-35
54        <meta-data
54-->[android.arch.lifecycle:runtime:1.0.0] AndroidManifest.xml:25:9-27:47
55            android:name="android.arch.lifecycle.VERSION"
55-->[android.arch.lifecycle:runtime:1.0.0] AndroidManifest.xml:26:13-58
56            android:value="27.0.0-SNAPSHOT" />
56-->[android.arch.lifecycle:runtime:1.0.0] AndroidManifest.xml:27:13-44
57    </application>
58
59</manifest>